[07-Nov-2025 08:28:40 America/Los_Angeles] Error en consulta SQL: Array
(
    [0] => Array
        (
            [0] => 42S22
            [SQLSTATE] => 42S22
            [1] => 207
            [code] => 207
            [2] => [Microsoft][ODBC Driver 17 for SQL Server][SQL Server]Invalid column name 'Activo'.
            [message] => [Microsoft][ODBC Driver 17 for SQL Server][SQL Server]Invalid column name 'Activo'.
        )

    [1] => Array
        (
            [0] => 42S22
            [SQLSTATE] => 42S22
            [1] => 207
            [code] => 207
            [2] => [Microsoft][ODBC Driver 17 for SQL Server][SQL Server]Invalid column name 'Activo'.
            [message] => [Microsoft][ODBC Driver 17 for SQL Server][SQL Server]Invalid column name 'Activo'.
        )

)

[07-Nov-2025 08:28:55 America/Los_Angeles] Error en consulta SQL: Array
(
    [0] => Array
        (
            [0] => 42S22
            [SQLSTATE] => 42S22
            [1] => 207
            [code] => 207
            [2] => [Microsoft][ODBC Driver 17 for SQL Server][SQL Server]Invalid column name 'Activo'.
            [message] => [Microsoft][ODBC Driver 17 for SQL Server][SQL Server]Invalid column name 'Activo'.
        )

    [1] => Array
        (
            [0] => 42S22
            [SQLSTATE] => 42S22
            [1] => 207
            [code] => 207
            [2] => [Microsoft][ODBC Driver 17 for SQL Server][SQL Server]Invalid column name 'Activo'.
            [message] => [Microsoft][ODBC Driver 17 for SQL Server][SQL Server]Invalid column name 'Activo'.
        )

)

[07-Nov-2025 08:29:14 America/Los_Angeles] Error en consulta SQL: Array
(
    [0] => Array
        (
            [0] => 42S22
            [SQLSTATE] => 42S22
            [1] => 207
            [code] => 207
            [2] => [Microsoft][ODBC Driver 17 for SQL Server][SQL Server]Invalid column name 'Activo'.
            [message] => [Microsoft][ODBC Driver 17 for SQL Server][SQL Server]Invalid column name 'Activo'.
        )

    [1] => Array
        (
            [0] => 42S22
            [SQLSTATE] => 42S22
            [1] => 207
            [code] => 207
            [2] => [Microsoft][ODBC Driver 17 for SQL Server][SQL Server]Invalid column name 'Activo'.
            [message] => [Microsoft][ODBC Driver 17 for SQL Server][SQL Server]Invalid column name 'Activo'.
        )

)

